# JRE version: OpenJDK Runtime Environment (8.0_202) (build 1.8.0_202-release-1483-b49-5587405)
# Java VM: OpenJDK 64-Bit Server VM (25.202-b49-5587405 mixed mode linux-amd64 compressed oops)
Heap:
 PSYoungGen      total 169984K, used 155438K [0x00000000e0000000, 0x00000000eb580000, 0x0000000100000000)
  eden space 158208K, 98% used [0x00000000e0000000,0x00000000e97cbb70,0x00000000e9a80000)
  from space 11776K, 0% used [0x00000000ea900000,0x00000000ea900000,0x00000000eb480000)
  to   space 13824K, 0% used [0x00000000e9a80000,0x00000000e9a80000,0x00000000ea800000)
 ParOldGen       total 74240K, used 18976K [0x00000000a0000000, 0x00000000a4880000, 0x00000000e0000000)
  object space 74240K, 25% used [0x00000000a0000000,0x00000000a1288070,0x00000000a4880000)
 Metaspace       used 48986K, capacity 50144K, committed 50264K, reserved 1093632K
  class space    used 6623K, capacity 6925K, committed 7040K, reserved 1048576K
GC Heap History (10 events):
Event: 11.609 GC heap before
{Heap before GC invocations=6 (full 0):
 PSYoungGen      total 52736K, used 28209K [0x00000000e0000000, 0x00000000e7300000, 0x0000000100000000)
  eden space 49152K, 50% used [0x00000000e0000000,0x00000000e18145c0,0x00000000e3000000)
  from space 3584K, 99% used [0x00000000e3000000,0x00000000e3378050,0x00000000e3380000)
  to   space 9728K, 0% used [0x00000000e6980000,0x00000000e6980000,0x00000000e7300000)
 ParOldGen       total 64512K, used 10269K [0x00000000a0000000, 0x00000000a3f00000, 0x00000000e0000000)
  object space 64512K, 15% used [0x00000000a0000000,0x00000000a0a075b0,0x00000000a3f00000)
 Metaspace       used 20672K, capacity 21016K, committed 21248K, reserved 1067008K
  class space    used 2902K, capacity 3028K, committed 3072K, reserved 1048576K
Event: 11.630 GC heap after
Heap after GC invocations=6 (full 0):
 PSYoungGen      total 107520K, used 6974K [0x00000000e0000000, 0x00000000e7400000, 0x0000000100000000)
  eden space 97792K, 0% used [0x00000000e0000000,0x00000000e0000000,0x00000000e5f80000)
  from space 9728K, 71% used [0x00000000e6980000,0x00000000e704f9e0,0x00000000e7300000)
  to   space 10240K, 0% used [0x00000000e5f80000,0x00000000e5f80000,0x00000000e6980000)
 ParOldGen       total 64512K, used 10277K [0x00000000a0000000, 0x00000000a3f00000, 0x00000000e0000000)
  object space 64512K, 15% used [0x00000000a0000000,0x00000000a0a095b0,0x00000000a3f00000)
 Metaspace       used 20672K, capacity 21016K, committed 21248K, reserved 1067008K
  class space    used 2902K, capacity 3028K, committed 3072K, reserved 1048576K
}
Event: 11.630 GC heap before
{Heap before GC invocations=7 (full 1):
 PSYoungGen      total 107520K, used 6974K [0x00000000e0000000, 0x00000000e7400000, 0x0000000100000000)
  eden space 97792K, 0% used [0x00000000e0000000,0x00000000e0000000,0x00000000e5f80000)
  from space 9728K, 71% used [0x00000000e6980000,0x00000000e704f9e0,0x00000000e7300000)
  to   space 10240K, 0% used [0x00000000e5f80000,0x00000000e5f80000,0x00000000e6980000)
 ParOldGen       total 64512K, used 10277K [0x00000000a0000000, 0x00000000a3f00000, 0x00000000e0000000)
  object space 64512K, 15% used [0x00000000a0000000,0x00000000a0a095b0,0x00000000a3f00000)
 Metaspace       used 20672K, capacity 21016K, committed 21248K, reserved 1067008K
  class space    used 2902K, capacity 3028K, committed 3072K, reserved 1048576K
Event: 11.703 GC heap after
Heap after GC invocations=7 (full 1):
 PSYoungGen      total 107520K, used 0K [0x00000000e0000000, 0x00000000e7400000, 0x0000000100000000)
  eden space 97792K, 0% used [0x00000000e0000000,0x00000000e0000000,0x00000000e5f80000)
  from space 9728K, 0% used [0x00000000e6980000,0x00000000e6980000,0x00000000e7300000)
  to   space 10240K, 0% used [0x00000000e5f80000,0x00000000e5f80000,0x00000000e6980000)
 ParOldGen       total 48128K, used 8917K [0x00000000a0000000, 0x00000000a2f00000, 0x00000000e0000000)
  object space 48128K, 18% used [0x00000000a0000000,0x00000000a08b55b8,0x00000000a2f00000)
 Metaspace       used 20672K, capacity 21016K, committed 21248K, reserved 1067008K
  class space    used 2902K, capacity 3028K, committed 3072K, reserved 1048576K
}
Event: 15.463 GC heap before
{Heap before GC invocations=8 (full 1):
 PSYoungGen      total 107520K, used 97792K [0x00000000e0000000, 0x00000000e7400000, 0x0000000100000000)
  eden space 97792K, 100% used [0x00000000e0000000,0x00000000e5f80000,0x00000000e5f80000)
  from space 9728K, 0% used [0x00000000e6980000,0x00000000e6980000,0x00000000e7300000)
  to   space 10240K, 0% used [0x00000000e5f80000,0x00000000e5f80000,0x00000000e6980000)
 ParOldGen       total 48128K, used 8917K [0x00000000a0000000, 0x00000000a2f00000, 0x00000000e0000000)
  object space 48128K, 18% used [0x00000000a0000000,0x00000000a08b55b8,0x00000000a2f00000)
 Metaspace       used 29718K, capacity 30166K, committed 30592K, reserved 1075200K
  class space    used 4062K, capacity 4210K, committed 4224K, reserved 1048576K
Event: 15.502 GC heap after
Heap after GC invocations=8 (full 1):
 PSYoungGen      total 108032K, used 10002K [0x00000000e0000000, 0x00000000eb480000, 0x0000000100000000)
  eden space 97792K, 0% used [0x00000000e0000000,0x00000000e0000000,0x00000000e5f80000)
  from space 10240K, 97% used [0x00000000e5f80000,0x00000000e6944ba0,0x00000000e6980000)
  to   space 11776K, 0% used [0x00000000ea900000,0x00000000ea900000,0x00000000eb480000)
 ParOldGen       total 48128K, used 8925K [0x00000000a0000000, 0x00000000a2f00000, 0x00000000e0000000)
  object space 48128K, 18% used [0x00000000a0000000,0x00000000a08b75b8,0x00000000a2f00000)
 Metaspace       used 29718K, capacity 30166K, committed 30592K, reserved 1075200K
  class space    used 4062K, capacity 4210K, committed 4224K, reserved 1048576K
}
Event: 26.738 GC heap before
{Heap before GC invocations=9 (full 1):
 PSYoungGen      total 108032K, used 95201K [0x00000000e0000000, 0x00000000eb480000, 0x0000000100000000)
  eden space 97792K, 87% used [0x00000000e0000000,0x00000000e5333bf0,0x00000000e5f80000)
  from space 10240K, 97% used [0x00000000e5f80000,0x00000000e6944ba0,0x00000000e6980000)
  to   space 11776K, 0% used [0x00000000ea900000,0x00000000ea900000,0x00000000eb480000)
 ParOldGen       total 48128K, used 8925K [0x00000000a0000000, 0x00000000a2f00000, 0x00000000e0000000)
  object space 48128K, 18% used [0x00000000a0000000,0x00000000a08b75b8,0x00000000a2f00000)
 Metaspace       used 34575K, capacity 35100K, committed 35416K, reserved 1079296K
  class space    used 4750K, capacity 4903K, committed 4992K, reserved 1048576K
Event: 26.800 GC heap after
Heap after GC invocations=9 (full 1):
 PSYoungGen      total 169984K, used 11754K [0x00000000e0000000, 0x00000000eb580000, 0x0000000100000000)
  eden space 158208K, 0% used [0x00000000e0000000,0x00000000e0000000,0x00000000e9a80000)
  from space 11776K, 99% used [0x00000000ea900000,0x00000000eb47aa20,0x00000000eb480000)
  to   space 13824K, 0% used [0x00000000e9a80000,0x00000000e9a80000,0x00000000ea800000)
 ParOldGen       total 48128K, used 9646K [0x00000000a0000000, 0x00000000a2f00000, 0x00000000e0000000)
  object space 48128K, 20% used [0x00000000a0000000,0x00000000a096bbe8,0x00000000a2f00000)
 Metaspace       used 34575K, capacity 35100K, committed 35416K, reserved 1079296K
  class space    used 4750K, capacity 4903K, committed 4992K, reserved 1048576K
}
Event: 26.800 GC heap before
{Heap before GC invocations=10 (full 2):
 PSYoungGen      total 169984K, used 11754K [0x00000000e0000000, 0x00000000eb580000, 0x0000000100000000)
  eden space 158208K, 0% used [0x00000000e0000000,0x00000000e0000000,0x00000000e9a80000)
  from space 11776K, 99% used [0x00000000ea900000,0x00000000eb47aa20,0x00000000eb480000)
  to   space 13824K, 0% used [0x00000000e9a80000,0x00000000e9a80000,0x00000000ea800000)
 ParOldGen       total 48128K, used 9646K [0x00000000a0000000, 0x00000000a2f00000, 0x00000000e0000000)
  object space 48128K, 20% used [0x00000000a0000000,0x00000000a096bbe8,0x00000000a2f00000)
 Metaspace       used 34575K, capacity 35100K, committed 35416K, reserved 1079296K
  class space    used 4750K, capacity 4903K, committed 4992K, reserved 1048576K
Event: 26.981 GC heap after
Heap after GC invocations=10 (full 2):
 PSYoungGen      total 169984K, used 0K [0x00000000e0000000, 0x00000000eb580000, 0x0000000100000000)
  eden space 158208K, 0% used [0x00000000e0000000,0x00000000e0000000,0x00000000e9a80000)
  from space 11776K, 0% used [0x00000000ea900000,0x00000000ea900000,0x00000000eb480000)
  to   space 13824K, 0% used [0x00000000e9a80000,0x00000000e9a80000,0x00000000ea800000)
 ParOldGen       total 74240K, used 18976K [0x00000000a0000000, 0x00000000a4880000, 0x00000000e0000000)
  object space 74240K, 25% used [0x00000000a0000000,0x00000000a1288070,0x00000000a4880000)
 Metaspace       used 34569K, capacity 35082K, committed 35416K, reserved 1079296K
  class space    used 4748K, capacity 4900K, committed 4992K, reserved 1048576K
}

