# JRE version: OpenJDK Runtime Environment (8.0_202) (build 1.8.0_202-release-1483-b49-5587405)
# Java VM: OpenJDK 64-Bit Server VM (25.202-b49-5587405 mixed mode linux-amd64 compressed oops)
Heap:
 PSYoungGen      total 205312K, used 94512K [0x00000000e0000000, 0x00000000f0680000, 0x0000000100000000)
  eden space 193024K, 48% used [0x00000000e0000000,0x00000000e5c4c0f8,0x00000000ebc80000)
  from space 12288K, 0% used [0x00000000ebc80000,0x00000000ebc80000,0x00000000ec880000)
  to   space 14336K, 0% used [0x00000000ef880000,0x00000000ef880000,0x00000000f0680000)
 ParOldGen       total 77824K, used 18721K [0x00000000a0000000, 0x00000000a4c00000, 0x00000000e0000000)
  object space 77824K, 24% used [0x00000000a0000000,0x00000000a12487f8,0x00000000a4c00000)
 Metaspace       used 44152K, capacity 45010K, committed 45400K, reserved 1089536K
  class space    used 5960K, capacity 6181K, committed 6272K, reserved 1048576K
GC Heap History (10 events):
Event: 11.182 GC heap before
{Heap before GC invocations=5 (full 0):
 PSYoungGen      total 101888K, used 29042K [0x00000000e0000000, 0x00000000e6700000, 0x0000000100000000)
  eden space 98304K, 25% used [0x00000000e0000000,0x00000000e18e0950,0x00000000e6000000)
  from space 3584K, 99% used [0x00000000e6380000,0x00000000e66fc060,0x00000000e6700000)
  to   space 3584K, 0% used [0x00000000e6000000,0x00000000e6000000,0x00000000e6380000)
 ParOldGen       total 64512K, used 10081K [0x00000000a0000000, 0x00000000a3f00000, 0x00000000e0000000)
  object space 64512K, 15% used [0x00000000a0000000,0x00000000a09d8708,0x00000000a3f00000)
 Metaspace       used 20669K, capacity 21016K, committed 21248K, reserved 1067008K
  class space    used 2902K, capacity 3028K, committed 3072K, reserved 1048576K
Event: 11.210 GC heap after
Heap after GC invocations=5 (full 0):
 PSYoungGen      total 101888K, used 3552K [0x00000000e0000000, 0x00000000ed500000, 0x0000000100000000)
  eden space 98304K, 0% used [0x00000000e0000000,0x00000000e0000000,0x00000000e6000000)
  from space 3584K, 99% used [0x00000000e6000000,0x00000000e6378040,0x00000000e6380000)
  to   space 10752K, 0% used [0x00000000eca80000,0x00000000eca80000,0x00000000ed500000)
 ParOldGen       total 64512K, used 13577K [0x00000000a0000000, 0x00000000a3f00000, 0x00000000e0000000)
  object space 64512K, 21% used [0x00000000a0000000,0x00000000a0d42688,0x00000000a3f00000)
 Metaspace       used 20669K, capacity 21016K, committed 21248K, reserved 1067008K
  class space    used 2902K, capacity 3028K, committed 3072K, reserved 1048576K
}
Event: 11.210 GC heap before
{Heap before GC invocations=6 (full 1):
 PSYoungGen      total 101888K, used 3552K [0x00000000e0000000, 0x00000000ed500000, 0x0000000100000000)
  eden space 98304K, 0% used [0x00000000e0000000,0x00000000e0000000,0x00000000e6000000)
  from space 3584K, 99% used [0x00000000e6000000,0x00000000e6378040,0x00000000e6380000)
  to   space 10752K, 0% used [0x00000000eca80000,0x00000000eca80000,0x00000000ed500000)
 ParOldGen       total 64512K, used 13577K [0x00000000a0000000, 0x00000000a3f00000, 0x00000000e0000000)
  object space 64512K, 21% used [0x00000000a0000000,0x00000000a0d42688,0x00000000a3f00000)
 Metaspace       used 20669K, capacity 21016K, committed 21248K, reserved 1067008K
  class space    used 2902K, capacity 3028K, committed 3072K, reserved 1048576K
Event: 11.333 GC heap after
Heap after GC invocations=6 (full 1):
 PSYoungGen      total 101888K, used 0K [0x00000000e0000000, 0x00000000ed500000, 0x0000000100000000)
  eden space 98304K, 0% used [0x00000000e0000000,0x00000000e0000000,0x00000000e6000000)
  from space 3584K, 0% used [0x00000000e6000000,0x00000000e6000000,0x00000000e6380000)
  to   space 10752K, 0% used [0x00000000eca80000,0x00000000eca80000,0x00000000ed500000)
 ParOldGen       total 54272K, used 12685K [0x00000000a0000000, 0x00000000a3500000, 0x00000000e0000000)
  object space 54272K, 23% used [0x00000000a0000000,0x00000000a0c637c0,0x00000000a3500000)
 Metaspace       used 20669K, capacity 21016K, committed 21248K, reserved 1067008K
  class space    used 2902K, capacity 3028K, committed 3072K, reserved 1048576K
}
Event: 15.686 GC heap before
{Heap before GC invocations=7 (full 1):
 PSYoungGen      total 101888K, used 98304K [0x00000000e0000000, 0x00000000ed500000, 0x0000000100000000)
  eden space 98304K, 100% used [0x00000000e0000000,0x00000000e6000000,0x00000000e6000000)
  from space 3584K, 0% used [0x00000000e6000000,0x00000000e6000000,0x00000000e6380000)
  to   space 10752K, 0% used [0x00000000eca80000,0x00000000eca80000,0x00000000ed500000)
 ParOldGen       total 54272K, used 12685K [0x00000000a0000000, 0x00000000a3500000, 0x00000000e0000000)
  object space 54272K, 23% used [0x00000000a0000000,0x00000000a0c637c0,0x00000000a3500000)
 Metaspace       used 29814K, capacity 30262K, committed 30720K, reserved 1075200K
  class space    used 4072K, capacity 4242K, committed 4352K, reserved 1048576K
Event: 15.740 GC heap after
Heap after GC invocations=7 (full 1):
 PSYoungGen      total 164864K, used 10122K [0x00000000e0000000, 0x00000000ed480000, 0x0000000100000000)
  eden space 154624K, 0% used [0x00000000e0000000,0x00000000e0000000,0x00000000e9700000)
  from space 10240K, 98% used [0x00000000eca80000,0x00000000ed462ac8,0x00000000ed480000)
  to   space 12288K, 0% used [0x00000000ebc80000,0x00000000ebc80000,0x00000000ec880000)
 ParOldGen       total 54272K, used 12693K [0x00000000a0000000, 0x00000000a3500000, 0x00000000e0000000)
  object space 54272K, 23% used [0x00000000a0000000,0x00000000a0c657c0,0x00000000a3500000)
 Metaspace       used 29814K, capacity 30262K, committed 30720K, reserved 1075200K
  class space    used 4072K, capacity 4242K, committed 4352K, reserved 1048576K
}
Event: 21.826 GC heap before
{Heap before GC invocations=8 (full 1):
 PSYoungGen      total 164864K, used 96145K [0x00000000e0000000, 0x00000000ed480000, 0x0000000100000000)
  eden space 154624K, 55% used [0x00000000e0000000,0x00000000e5401c00,0x00000000e9700000)
  from space 10240K, 98% used [0x00000000eca80000,0x00000000ed462ac8,0x00000000ed480000)
  to   space 12288K, 0% used [0x00000000ebc80000,0x00000000ebc80000,0x00000000ec880000)
 ParOldGen       total 54272K, used 12693K [0x00000000a0000000, 0x00000000a3500000, 0x00000000e0000000)
  object space 54272K, 23% used [0x00000000a0000000,0x00000000a0c657c0,0x00000000a3500000)
 Metaspace       used 34556K, capacity 35092K, committed 35416K, reserved 1079296K
  class space    used 4745K, capacity 4901K, committed 4992K, reserved 1048576K
Event: 21.888 GC heap after
Heap after GC invocations=8 (full 1):
 PSYoungGen      total 205312K, used 12273K [0x00000000e0000000, 0x00000000f0680000, 0x0000000100000000)
  eden space 193024K, 0% used [0x00000000e0000000,0x00000000e0000000,0x00000000ebc80000)
  from space 12288K, 99% used [0x00000000ebc80000,0x00000000ec87c6c8,0x00000000ec880000)
  to   space 14336K, 0% used [0x00000000ef880000,0x00000000ef880000,0x00000000f0680000)
 ParOldGen       total 54272K, used 12754K [0x00000000a0000000, 0x00000000a3500000, 0x00000000e0000000)
  object space 54272K, 23% used [0x00000000a0000000,0x00000000a0c748d8,0x00000000a3500000)
 Metaspace       used 34556K, capacity 35092K, committed 35416K, reserved 1079296K
  class space    used 4745K, capacity 4901K, committed 4992K, reserved 1048576K
}
Event: 21.889 GC heap before
{Heap before GC invocations=9 (full 2):
 PSYoungGen      total 205312K, used 12273K [0x00000000e0000000, 0x00000000f0680000, 0x0000000100000000)
  eden space 193024K, 0% used [0x00000000e0000000,0x00000000e0000000,0x00000000ebc80000)
  from space 12288K, 99% used [0x00000000ebc80000,0x00000000ec87c6c8,0x00000000ec880000)
  to   space 14336K, 0% used [0x00000000ef880000,0x00000000ef880000,0x00000000f0680000)
 ParOldGen       total 54272K, used 12754K [0x00000000a0000000, 0x00000000a3500000, 0x00000000e0000000)
  object space 54272K, 23% used [0x00000000a0000000,0x00000000a0c748d8,0x00000000a3500000)
 Metaspace       used 34556K, capacity 35092K, committed 35416K, reserved 1079296K
  class space    used 4745K, capacity 4901K, committed 4992K, reserved 1048576K
Event: 22.057 GC heap after
Heap after GC invocations=9 (full 2):
 PSYoungGen      total 205312K, used 0K [0x00000000e0000000, 0x00000000f0680000, 0x0000000100000000)
  eden space 193024K, 0% used [0x00000000e0000000,0x00000000e0000000,0x00000000ebc80000)
  from space 12288K, 0% used [0x00000000ebc80000,0x00000000ebc80000,0x00000000ec880000)
  to   space 14336K, 0% used [0x00000000ef880000,0x00000000ef880000,0x00000000f0680000)
 ParOldGen       total 77824K, used 18721K [0x00000000a0000000, 0x00000000a4c00000, 0x00000000e0000000)
  object space 77824K, 24% used [0x00000000a0000000,0x00000000a12487f8,0x00000000a4c00000)
 Metaspace       used 34554K, capacity 35086K, committed 35416K, reserved 1079296K
  class space    used 4744K, capacity 4900K, committed 4992K, reserved 1048576K
}

